INFO: 2022-10-06 23:08:11,621  starting logging
INFO: 2022-10-06 23:08:11,621  Getting initial asset info...
INFO: 2022-10-06 23:08:11,621  Getting asset info for probablyalabel
INFO: 2022-10-06 23:08:13,121  adding token 5024 to collection probablyalabel
INFO: 2022-10-06 23:08:13,122  adding token 4242 to collection probablyalabel
INFO: 2022-10-06 23:08:13,122  adding token 1620 to collection probablyalabel
INFO: 2022-10-06 23:08:13,122  adding token 3471 to collection probablyalabel
INFO: 2022-10-06 23:08:13,122  adding token 1849 to collection probablyalabel
INFO: 2022-10-06 23:08:13,122  adding token 4649 to collection probablyalabel
INFO: 2022-10-06 23:08:13,122  adding token 356 to collection probablyalabel
INFO: 2022-10-06 23:08:13,122  adding token 2376 to collection probablyalabel
INFO: 2022-10-06 23:08:13,122  adding token 1671 to collection probablyalabel
INFO: 2022-10-06 23:08:13,122  adding token 2995 to collection probablyalabel
INFO: 2022-10-06 23:08:13,122  adding token 3773 to collection probablyalabel
INFO: 2022-10-06 23:08:13,122  adding token 1267 to collection probablyalabel
INFO: 2022-10-06 23:08:13,122  adding token 2464 to collection probablyalabel
INFO: 2022-10-06 23:08:13,122  adding token 5140 to collection probablyalabel
INFO: 2022-10-06 23:08:13,122  adding token 3538 to collection probablyalabel
INFO: 2022-10-06 23:08:13,122  adding token 1398 to collection probablyalabel
INFO: 2022-10-06 23:08:13,122  adding token 4147 to collection probablyalabel
INFO: 2022-10-06 23:08:13,123  adding token 3452 to collection probablyalabel
INFO: 2022-10-06 23:08:13,123  adding token 3787 to collection probablyalabel
INFO: 2022-10-06 23:08:13,123  adding token 1886 to collection probablyalabel
INFO: 2022-10-06 23:08:13,123  adding token 3173 to collection probablyalabel
INFO: 2022-10-06 23:08:13,123  adding token 1370 to collection probablyalabel
INFO: 2022-10-06 23:08:13,123  adding token 926 to collection probablyalabel
INFO: 2022-10-06 23:08:13,123  adding token 4546 to collection probablyalabel
INFO: 2022-10-06 23:08:13,123  adding token 4455 to collection probablyalabel
INFO: 2022-10-06 23:08:13,123  adding token 2093 to collection probablyalabel
INFO: 2022-10-06 23:08:13,123  adding token 3640 to collection probablyalabel
INFO: 2022-10-06 23:08:13,123  adding token 714 to collection probablyalabel
INFO: 2022-10-06 23:08:13,123  adding token 3136 to collection probablyalabel
INFO: 2022-10-06 23:08:13,124  adding token 3126 to collection probablyalabel
INFO: 2022-10-06 23:08:13,124  adding token 2973 to collection probablyalabel
INFO: 2022-10-06 23:08:13,124  adding token 565 to collection probablyalabel
INFO: 2022-10-06 23:08:14,838  adding token 4874 to collection probablyalabel
INFO: 2022-10-06 23:08:14,838  adding token 3096 to collection probablyalabel
INFO: 2022-10-06 23:08:14,838  adding token 1809 to collection probablyalabel
INFO: 2022-10-06 23:08:14,838  adding token 3016 to collection probablyalabel
INFO: 2022-10-06 23:08:14,838  adding token 3028 to collection probablyalabel
INFO: 2022-10-06 23:08:14,838  adding token 4008 to collection probablyalabel
INFO: 2022-10-06 23:08:14,838  adding token 476 to collection probablyalabel
INFO: 2022-10-06 23:08:14,838  adding token 3247 to collection probablyalabel
INFO: 2022-10-06 23:08:14,838  adding token 4939 to collection probablyalabel
INFO: 2022-10-06 23:08:14,838  adding token 3509 to collection probablyalabel
INFO: 2022-10-06 23:08:14,838  adding token 5448 to collection probablyalabel
INFO: 2022-10-06 23:08:14,838  adding token 5394 to collection probablyalabel
INFO: 2022-10-06 23:08:14,839  adding token 3034 to collection probablyalabel
INFO: 2022-10-06 23:08:14,839  adding token 2428 to collection probablyalabel
INFO: 2022-10-06 23:08:14,839  adding token 4189 to collection probablyalabel
INFO: 2022-10-06 23:08:14,839  adding token 4233 to collection probablyalabel
INFO: 2022-10-06 23:08:14,839  adding token 3025 to collection probablyalabel
INFO: 2022-10-06 23:08:14,839  adding token 5057 to collection probablyalabel
INFO: 2022-10-06 23:08:14,839  adding token 1922 to collection probablyalabel
INFO: 2022-10-06 23:08:14,839  adding token 3791 to collection probablyalabel
INFO: 2022-10-06 23:08:14,839  adding token 1389 to collection probablyalabel
INFO: 2022-10-06 23:08:14,839  adding token 908 to collection probablyalabel
INFO: 2022-10-06 23:08:14,839  adding token 788 to collection probablyalabel
INFO: 2022-10-06 23:08:14,839  adding token 873 to collection probablyalabel
INFO: 2022-10-06 23:08:14,839  adding token 1644 to collection probablyalabel
INFO: 2022-10-06 23:08:14,839  adding token 3963 to collection probablyalabel
INFO: 2022-10-06 23:08:14,839  adding token 4131 to collection probablyalabel
INFO: 2022-10-06 23:08:14,839  adding token 4908 to collection probablyalabel
INFO: 2022-10-06 23:08:14,839  adding token 2167 to collection probablyalabel
INFO: 2022-10-06 23:08:14,839  adding token 4695 to collection probablyalabel
INFO: 2022-10-06 23:08:14,839  adding token 2292 to collection probablyalabel
INFO: 2022-10-06 23:08:14,840  adding token 1645 to collection probablyalabel
INFO: 2022-10-06 23:08:15,874  adding token 5057 to collection probablyalabel
INFO: 2022-10-06 23:08:15,875  adding token 3025 to collection probablyalabel
INFO: 2022-10-06 23:08:15,875  adding token 3583 to collection probablyalabel
INFO: 2022-10-06 23:08:15,875  adding token 4015 to collection probablyalabel
INFO: 2022-10-06 23:08:15,875  adding token 1922 to collection probablyalabel
INFO: 2022-10-06 23:08:15,875  adding token 2038 to collection probablyalabel
INFO: 2022-10-06 23:08:15,875  adding token 4796 to collection probablyalabel
INFO: 2022-10-06 23:08:15,875  adding token 3045 to collection probablyalabel
INFO: 2022-10-06 23:08:15,875  adding token 3735 to collection probablyalabel
INFO: 2022-10-06 23:08:15,875  adding token 3354 to collection probablyalabel
INFO: 2022-10-06 23:08:15,875  adding token 4024 to collection probablyalabel
INFO: 2022-10-06 23:08:15,875  adding token 4656 to collection probablyalabel
INFO: 2022-10-06 23:08:15,875  adding token 3092 to collection probablyalabel
INFO: 2022-10-06 23:08:15,875  adding token 1296 to collection probablyalabel
INFO: 2022-10-06 23:08:15,875  adding token 5344 to collection probablyalabel
INFO: 2022-10-06 23:08:15,875  adding token 5064 to collection probablyalabel
INFO: 2022-10-06 23:08:15,875  adding token 2277 to collection probablyalabel
INFO: 2022-10-06 23:08:15,876  adding token 5300 to collection probablyalabel
INFO: 2022-10-06 23:08:15,876  adding token 3422 to collection probablyalabel
INFO: 2022-10-06 23:08:15,876  adding token 3205 to collection probablyalabel
INFO: 2022-10-06 23:08:15,876  adding token 1854 to collection probablyalabel
INFO: 2022-10-06 23:08:15,876  adding token 5490 to collection probablyalabel
INFO: 2022-10-06 23:08:15,876  adding token 134 to collection probablyalabel
INFO: 2022-10-06 23:08:15,876  adding token 394 to collection probablyalabel
INFO: 2022-10-06 23:08:15,876  adding token 395 to collection probablyalabel
INFO: 2022-10-06 23:08:15,876  adding token 1839 to collection probablyalabel
INFO: 2022-10-06 23:08:15,876  adding token 753 to collection probablyalabel
INFO: 2022-10-06 23:08:15,876  adding token 1016 to collection probablyalabel
INFO: 2022-10-06 23:08:15,877  adding token 4612 to collection probablyalabel
INFO: 2022-10-06 23:08:15,877  adding token 842 to collection probablyalabel
INFO: 2022-10-06 23:08:15,877  adding token 3111 to collection probablyalabel
INFO: 2022-10-06 23:08:15,877  adding token 3896 to collection probablyalabel
INFO: 2022-10-06 23:08:16,876  adding token 5248 to collection probablyalabel
INFO: 2022-10-06 23:08:16,876  adding token 3964 to collection probablyalabel
INFO: 2022-10-06 23:08:16,935  adding token 3896 to collection probablyalabel
INFO: 2022-10-06 23:08:16,935  adding token 2215 to collection probablyalabel
INFO: 2022-10-06 23:08:16,935  adding token 5255 to collection probablyalabel
INFO: 2022-10-06 23:08:16,935  adding token 4456 to collection probablyalabel
INFO: 2022-10-06 23:08:16,935  adding token 5463 to collection probablyalabel
INFO: 2022-10-06 23:08:16,935  adding token 3440 to collection probablyalabel
INFO: 2022-10-06 23:08:16,936  adding token 3553 to collection probablyalabel
INFO: 2022-10-06 23:08:16,936  adding token 4188 to collection probablyalabel
INFO: 2022-10-06 23:08:16,936  adding token 4894 to collection probablyalabel
INFO: 2022-10-06 23:08:16,936  adding token 501 to collection probablyalabel
INFO: 2022-10-06 23:08:16,936  adding token 4462 to collection probablyalabel
INFO: 2022-10-06 23:08:16,936  adding token 361 to collection probablyalabel
INFO: 2022-10-06 23:08:16,936  adding token 2340 to collection probablyalabel
INFO: 2022-10-06 23:08:16,936  adding token 101 to collection probablyalabel
INFO: 2022-10-06 23:08:16,936  adding token 4621 to collection probablyalabel
INFO: 2022-10-06 23:08:16,936  adding token 2279 to collection probablyalabel
INFO: 2022-10-06 23:08:16,937  adding token 2608 to collection probablyalabel
INFO: 2022-10-06 23:08:16,937  adding token 3738 to collection probablyalabel
INFO: 2022-10-06 23:08:16,937  adding token 526 to collection probablyalabel
INFO: 2022-10-06 23:08:16,937  adding token 1774 to collection probablyalabel
INFO: 2022-10-06 23:08:16,937  adding token 1325 to collection probablyalabel
INFO: 2022-10-06 23:08:16,937  adding token 5369 to collection probablyalabel
INFO: 2022-10-06 23:08:16,937  adding token 730 to collection probablyalabel
INFO: 2022-10-06 23:08:16,937  adding token 874 to collection probablyalabel
INFO: 2022-10-06 23:08:16,937  adding token 4238 to collection probablyalabel
INFO: 2022-10-06 23:08:16,937  adding token 4236 to collection probablyalabel
INFO: 2022-10-06 23:08:16,937  adding token 1494 to collection probablyalabel
INFO: 2022-10-06 23:08:16,938  adding token 1144 to collection probablyalabel
INFO: 2022-10-06 23:08:16,938  adding token 2520 to collection probablyalabel
INFO: 2022-10-06 23:08:16,938  adding token 4728 to collection probablyalabel
INFO: 2022-10-06 23:08:17,896  adding token 5149 to collection probablyalabel
INFO: 2022-10-06 23:08:17,896  adding token 3842 to collection probablyalabel
INFO: 2022-10-06 23:08:17,896  adding token 1173 to collection probablyalabel
INFO: 2022-10-06 23:08:17,896  adding token 1687 to collection probablyalabel
INFO: 2022-10-06 23:08:17,896  adding token 796 to collection probablyalabel
INFO: 2022-10-06 23:08:17,896  adding token 1933 to collection probablyalabel
INFO: 2022-10-06 23:08:17,896  adding token 2027 to collection probablyalabel
INFO: 2022-10-06 23:08:17,896  adding token 1290 to collection probablyalabel
INFO: 2022-10-06 23:08:17,896  adding token 5524 to collection probablyalabel
INFO: 2022-10-06 23:08:17,896  adding token 4601 to collection probablyalabel
INFO: 2022-10-06 23:08:17,896  adding token 4310 to collection probablyalabel
INFO: 2022-10-06 23:08:17,896  adding token 1007 to collection probablyalabel
INFO: 2022-10-06 23:08:17,896  adding token 590 to collection probablyalabel
INFO: 2022-10-06 23:08:17,896  adding token 1347 to collection probablyalabel
INFO: 2022-10-06 23:08:17,897  adding token 4389 to collection probablyalabel
INFO: 2022-10-06 23:08:17,897  adding token 5006 to collection probablyalabel
INFO: 2022-10-06 23:08:17,897  adding token 5161 to collection probablyalabel
INFO: 2022-10-06 23:08:17,897  adding token 2678 to collection probablyalabel
INFO: 2022-10-06 23:08:17,897  adding token 1551 to collection probablyalabel
INFO: 2022-10-06 23:08:17,897  adding token 1425 to collection probablyalabel
INFO: 2022-10-06 23:08:17,897  adding token 4007 to collection probablyalabel
INFO: 2022-10-06 23:08:17,897  adding token 517 to collection probablyalabel
INFO: 2022-10-06 23:08:17,897  adding token 2153 to collection probablyalabel
INFO: 2022-10-06 23:08:17,897  adding token 3443 to collection probablyalabel
INFO: 2022-10-06 23:08:17,897  adding token 2666 to collection probablyalabel
INFO: 2022-10-06 23:08:17,897  adding token 2803 to collection probablyalabel
INFO: 2022-10-06 23:08:17,897  adding token 4052 to collection probablyalabel
INFO: 2022-10-06 23:08:17,897  adding token 3214 to collection probablyalabel
INFO: 2022-10-06 23:08:17,897  adding token 5459 to collection probablyalabel
INFO: 2022-10-06 23:08:17,897  adding token 5486 to collection probablyalabel
INFO: 2022-10-06 23:08:17,898  adding token 2854 to collection probablyalabel
INFO: 2022-10-06 23:08:17,898  adding token 4595 to collection probablyalabel
INFO: 2022-10-06 23:08:18,920  adding token 4595 to collection probablyalabel
INFO: 2022-10-06 23:08:18,920  adding token 4139 to collection probablyalabel
INFO: 2022-10-06 23:08:18,920  adding token 4377 to collection probablyalabel
INFO: 2022-10-06 23:08:18,920  adding token 4750 to collection probablyalabel
INFO: 2022-10-06 23:08:18,920  adding token 3097 to collection probablyalabel
INFO: 2022-10-06 23:08:18,920  adding token 281 to collection probablyalabel
INFO: 2022-10-06 23:08:18,921  adding token 1919 to collection probablyalabel
INFO: 2022-10-06 23:08:18,921  adding token 4971 to collection probablyalabel
INFO: 2022-10-06 23:08:18,921  adding token 5270 to collection probablyalabel
INFO: 2022-10-06 23:08:18,921  adding token 4285 to collection probablyalabel
INFO: 2022-10-06 23:08:18,921  adding token 850 to collection probablyalabel
INFO: 2022-10-06 23:08:18,922  adding token 2792 to collection probablyalabel
INFO: 2022-10-06 23:08:18,922  adding token 5316 to collection probablyalabel
INFO: 2022-10-06 23:08:18,922  adding token 1262 to collection probablyalabel
INFO: 2022-10-06 23:08:18,922  adding token 1277 to collection probablyalabel
INFO: 2022-10-06 23:08:18,922  adding token 557 to collection probablyalabel
INFO: 2022-10-06 23:08:18,922  adding token 358 to collection probablyalabel
INFO: 2022-10-06 23:08:18,922  adding token 3144 to collection probablyalabel
INFO: 2022-10-06 23:08:18,922  adding token 1812 to collection probablyalabel
INFO: 2022-10-06 23:08:18,923  adding token 3259 to collection probablyalabel
INFO: 2022-10-06 23:08:18,923  adding token 1970 to collection probablyalabel
INFO: 2022-10-06 23:08:18,923  adding token 2814 to collection probablyalabel
INFO: 2022-10-06 23:08:18,923  adding token 1441 to collection probablyalabel
INFO: 2022-10-06 23:08:18,923  adding token 2999 to collection probablyalabel
INFO: 2022-10-06 23:08:18,923  adding token 2260 to collection probablyalabel
INFO: 2022-10-06 23:08:18,923  adding token 2877 to collection probablyalabel
INFO: 2022-10-06 23:08:18,923  adding token 4167 to collection probablyalabel
INFO: 2022-10-06 23:08:18,924  adding token 3946 to collection probablyalabel
INFO: 2022-10-06 23:08:18,924  adding token 1642 to collection probablyalabel
INFO: 2022-10-06 23:08:18,924  adding token 4122 to collection probablyalabel
INFO: 2022-10-06 23:08:18,924  adding token 2627 to collection probablyalabel
INFO: 2022-10-06 23:08:18,924  adding token 995 to collection probablyalabel
INFO: 2022-10-06 23:08:20,578  adding token 4987 to collection probablyalabel
INFO: 2022-10-06 23:08:20,578  adding token 4000 to collection probablyalabel
INFO: 2022-10-06 23:08:20,578  adding token 3455 to collection probablyalabel
INFO: 2022-10-06 23:08:20,578  adding token 4373 to collection probablyalabel
INFO: 2022-10-06 23:08:20,578  adding token 2664 to collection probablyalabel
INFO: 2022-10-06 23:08:20,578  adding token 3439 to collection probablyalabel
INFO: 2022-10-06 23:08:20,578  adding token 1082 to collection probablyalabel
INFO: 2022-10-06 23:08:20,578  adding token 3181 to collection probablyalabel
INFO: 2022-10-06 23:08:20,578  adding token 4737 to collection probablyalabel
INFO: 2022-10-06 23:08:20,579  adding token 5251 to collection probablyalabel
INFO: 2022-10-06 23:08:20,579  adding token 3906 to collection probablyalabel
INFO: 2022-10-06 23:08:20,579  adding token 5097 to collection probablyalabel
INFO: 2022-10-06 23:08:20,579  adding token 2285 to collection probablyalabel
INFO: 2022-10-06 23:08:20,579  adding token 2592 to collection probablyalabel
INFO: 2022-10-06 23:08:20,579  adding token 1940 to collection probablyalabel
INFO: 2022-10-06 23:08:20,579  adding token 1391 to collection probablyalabel
INFO: 2022-10-06 23:08:20,579  adding token 754 to collection probablyalabel
INFO: 2022-10-06 23:08:20,579  adding token 5265 to collection probablyalabel
INFO: 2022-10-06 23:08:20,579  adding token 2991 to collection probablyalabel
INFO: 2022-10-06 23:08:20,579  adding token 4418 to collection probablyalabel
INFO: 2022-10-06 23:08:20,579  adding token 4720 to collection probablyalabel
INFO: 2022-10-06 23:08:20,579  adding token 1627 to collection probablyalabel
INFO: 2022-10-06 23:08:20,580  adding token 5105 to collection probablyalabel
INFO: 2022-10-06 23:08:20,580  adding token 2810 to collection probablyalabel
INFO: 2022-10-06 23:08:20,580  adding token 4235 to collection probablyalabel
INFO: 2022-10-06 23:08:20,580  adding token 1549 to collection probablyalabel
INFO: 2022-10-06 23:08:20,580  adding token 3680 to collection probablyalabel
INFO: 2022-10-06 23:08:20,580  adding token 762 to collection probablyalabel
INFO: 2022-10-06 23:08:20,580  adding token 3446 to collection probablyalabel
INFO: 2022-10-06 23:08:20,580  adding token 1236 to collection probablyalabel
INFO: 2022-10-06 23:08:20,580  adding token 2496 to collection probablyalabel
INFO: 2022-10-06 23:08:20,581  adding token 2031 to collection probablyalabel
INFO: 2022-10-06 23:08:21,939  adding token 2793 to collection probablyalabel
INFO: 2022-10-06 23:08:21,940  adding token 1381 to collection probablyalabel
INFO: 2022-10-06 23:08:22,000  adding token 248 to collection probablyalabel
INFO: 2022-10-06 23:08:22,000  adding token 5084 to collection probablyalabel
INFO: 2022-10-06 23:08:22,000  adding token 496 to collection probablyalabel
INFO: 2022-10-06 23:08:22,000  adding token 4483 to collection probablyalabel
INFO: 2022-10-06 23:08:22,000  adding token 5276 to collection probablyalabel
INFO: 2022-10-06 23:08:22,000  adding token 993 to collection probablyalabel
INFO: 2022-10-06 23:08:22,001  adding token 916 to collection probablyalabel
INFO: 2022-10-06 23:08:22,001  adding token 2259 to collection probablyalabel
INFO: 2022-10-06 23:08:22,001  adding token 1894 to collection probablyalabel
INFO: 2022-10-06 23:08:22,001  adding token 4776 to collection probablyalabel
INFO: 2022-10-06 23:08:22,001  adding token 1960 to collection probablyalabel
INFO: 2022-10-06 23:08:22,001  adding token 2419 to collection probablyalabel
INFO: 2022-10-06 23:08:22,001  adding token 1454 to collection probablyalabel
INFO: 2022-10-06 23:08:22,002  adding token 1650 to collection probablyalabel
INFO: 2022-10-06 23:08:22,002  adding token 1293 to collection probablyalabel
INFO: 2022-10-06 23:08:22,002  adding token 4764 to collection probablyalabel
INFO: 2022-10-06 23:08:22,002  adding token 4555 to collection probablyalabel
INFO: 2022-10-06 23:08:22,002  adding token 153 to collection probablyalabel
INFO: 2022-10-06 23:08:22,002  adding token 882 to collection probablyalabel
INFO: 2022-10-06 23:08:22,002  adding token 1869 to collection probablyalabel
INFO: 2022-10-06 23:08:22,002  adding token 3731 to collection probablyalabel
INFO: 2022-10-06 23:08:22,002  adding token 5082 to collection probablyalabel
INFO: 2022-10-06 23:08:22,003  adding token 3146 to collection probablyalabel
INFO: 2022-10-06 23:08:22,003  adding token 1453 to collection probablyalabel
INFO: 2022-10-06 23:08:22,003  adding token 4290 to collection probablyalabel
INFO: 2022-10-06 23:08:22,003  adding token 1383 to collection probablyalabel
INFO: 2022-10-06 23:08:22,003  adding token 1749 to collection probablyalabel
INFO: 2022-10-06 23:08:22,003  adding token 2639 to collection probablyalabel
INFO: 2022-10-06 23:08:22,003  adding token 3826 to collection probablyalabel
INFO: 2022-10-06 23:08:22,003  adding token 1445 to collection probablyalabel
INFO: 2022-10-06 23:08:23,468  adding token 5164 to collection probablyalabel
INFO: 2022-10-06 23:08:23,468  adding token 5336 to collection probablyalabel
INFO: 2022-10-06 23:08:23,468  adding token 216 to collection probablyalabel
INFO: 2022-10-06 23:08:23,469  adding token 1254 to collection probablyalabel
INFO: 2022-10-06 23:08:23,469  adding token 106 to collection probablyalabel
INFO: 2022-10-06 23:08:23,469  adding token 679 to collection probablyalabel
INFO: 2022-10-06 23:08:23,469  adding token 3052 to collection probablyalabel
INFO: 2022-10-06 23:08:23,469  adding token 3085 to collection probablyalabel
INFO: 2022-10-06 23:08:23,469  adding token 4148 to collection probablyalabel
INFO: 2022-10-06 23:08:23,469  adding token 4032 to collection probablyalabel
INFO: 2022-10-06 23:08:23,469  adding token 2655 to collection probablyalabel
INFO: 2022-10-06 23:08:23,469  adding token 837 to collection probablyalabel
INFO: 2022-10-06 23:08:23,469  adding token 2289 to collection probablyalabel
INFO: 2022-10-06 23:08:23,470  adding token 5413 to collection probablyalabel
INFO: 2022-10-06 23:08:23,470  adding token 181 to collection probablyalabel
INFO: 2022-10-06 23:08:23,470  adding token 150 to collection probablyalabel
INFO: 2022-10-06 23:08:23,470  adding token 3695 to collection probablyalabel
INFO: 2022-10-06 23:08:23,470  adding token 5314 to collection probablyalabel
INFO: 2022-10-06 23:08:23,470  adding token 5537 to collection probablyalabel
INFO: 2022-10-06 23:08:23,470  adding token 2936 to collection probablyalabel
INFO: 2022-10-06 23:08:23,470  adding token 5315 to collection probablyalabel
INFO: 2022-10-06 23:08:23,470  adding token 495 to collection probablyalabel
INFO: 2022-10-06 23:08:23,470  adding token 5478 to collection probablyalabel
INFO: 2022-10-06 23:08:23,470  adding token 4025 to collection probablyalabel
INFO: 2022-10-06 23:08:23,470  adding token 3859 to collection probablyalabel
INFO: 2022-10-06 23:08:23,471  adding token 3960 to collection probablyalabel
INFO: 2022-10-06 23:08:23,471  adding token 1721 to collection probablyalabel
INFO: 2022-10-06 23:08:23,471  adding token 2485 to collection probablyalabel
INFO: 2022-10-06 23:08:23,471  adding token 1067 to collection probablyalabel
INFO: 2022-10-06 23:08:23,471  adding token 2234 to collection probablyalabel
INFO: 2022-10-06 23:08:23,471  adding token 3714 to collection probablyalabel
INFO: 2022-10-06 23:08:23,471  adding token 3424 to collection probablyalabel
INFO: 2022-10-06 23:08:24,960  adding token 2287 to collection probablyalabel
INFO: 2022-10-06 23:08:24,960  adding token 4372 to collection probablyalabel
INFO: 2022-10-06 23:08:24,961  adding token 4989 to collection probablyalabel
INFO: 2022-10-06 23:08:24,961  adding token 704 to collection probablyalabel
INFO: 2022-10-06 23:08:24,961  adding token 4004 to collection probablyalabel
INFO: 2022-10-06 23:08:24,961  adding token 4995 to collection probablyalabel
INFO: 2022-10-06 23:08:24,961  adding token 4471 to collection probablyalabel
INFO: 2022-10-06 23:08:24,961  adding token 126 to collection probablyalabel
INFO: 2022-10-06 23:08:24,961  adding token 492 to collection probablyalabel
INFO: 2022-10-06 23:08:24,961  adding token 1108 to collection probablyalabel
INFO: 2022-10-06 23:08:24,961  adding token 1107 to collection probablyalabel
INFO: 2022-10-06 23:08:24,961  adding token 1081 to collection probablyalabel
INFO: 2022-10-06 23:08:24,961  adding token 787 to collection probablyalabel
INFO: 2022-10-06 23:08:24,961  adding token 441 to collection probablyalabel
INFO: 2022-10-06 23:08:24,961  adding token 709 to collection probablyalabel
INFO: 2022-10-06 23:08:24,962  adding token 696 to collection probablyalabel
INFO: 2022-10-06 23:08:24,962  adding token 1145 to collection probablyalabel
INFO: 2022-10-06 23:08:24,962  adding token 2009 to collection probablyalabel
INFO: 2022-10-06 23:08:24,962  adding token 2016 to collection probablyalabel
INFO: 2022-10-06 23:08:24,962  adding token 3140 to collection probablyalabel
INFO: 2022-10-06 23:08:24,962  adding token 2302 to collection probablyalabel
INFO: 2022-10-06 23:08:24,962  adding token 2051 to collection probablyalabel
INFO: 2022-10-06 23:08:24,962  adding token 2049 to collection probablyalabel
INFO: 2022-10-06 23:08:24,962  adding token 1870 to collection probablyalabel
INFO: 2022-10-06 23:08:24,962  adding token 2855 to collection probablyalabel
INFO: 2022-10-06 23:08:24,962  adding token 1518 to collection probablyalabel
INFO: 2022-10-06 23:08:24,962  adding token 2255 to collection probablyalabel
INFO: 2022-10-06 23:08:24,962  adding token 1756 to collection probablyalabel
INFO: 2022-10-06 23:08:24,962  adding token 1587 to collection probablyalabel
INFO: 2022-10-06 23:08:24,963  adding token 4045 to collection probablyalabel
INFO: 2022-10-06 23:08:24,963  adding token 5395 to collection probablyalabel
INFO: 2022-10-06 23:08:24,963  adding token 3979 to collection probablyalabel
INFO: 2022-10-06 23:08:26,037  adding token 3618 to collection probablyalabel
INFO: 2022-10-06 23:08:26,037  adding token 3764 to collection probablyalabel
INFO: 2022-10-06 23:08:26,037  adding token 3833 to collection probablyalabel
INFO: 2022-10-06 23:08:26,037  adding token 3165 to collection probablyalabel
INFO: 2022-10-06 23:08:26,037  adding token 4810 to collection probablyalabel
INFO: 2022-10-06 23:08:26,037  adding token 4949 to collection probablyalabel
INFO: 2022-10-06 23:08:26,037  adding token 3668 to collection probablyalabel
INFO: 2022-10-06 23:08:26,038  adding token 5059 to collection probablyalabel
INFO: 2022-10-06 23:08:26,038  adding token 5122 to collection probablyalabel
INFO: 2022-10-06 23:08:26,038  adding token 130 to collection probablyalabel
INFO: 2022-10-06 23:08:26,038  adding token 1406 to collection probablyalabel
INFO: 2022-10-06 23:08:26,038  adding token 5269 to collection probablyalabel
INFO: 2022-10-06 23:08:26,038  adding token 5399 to collection probablyalabel
INFO: 2022-10-06 23:08:26,038  adding token 975 to collection probablyalabel
INFO: 2022-10-06 23:08:26,038  adding token 2543 to collection probablyalabel
INFO: 2022-10-06 23:08:26,038  adding token 1248 to collection probablyalabel
INFO: 2022-10-06 23:08:26,038  adding token 1359 to collection probablyalabel
INFO: 2022-10-06 23:08:26,038  adding token 2512 to collection probablyalabel
INFO: 2022-10-06 23:08:26,038  adding token 1489 to collection probablyalabel
INFO: 2022-10-06 23:08:26,038  adding token 5272 to collection probablyalabel
INFO: 2022-10-06 23:08:26,039  adding token 735 to collection probablyalabel
INFO: 2022-10-06 23:08:26,039  adding token 2050 to collection probablyalabel
INFO: 2022-10-06 23:08:26,039  adding token 2233 to collection probablyalabel
INFO: 2022-10-06 23:08:26,039  adding token 2410 to collection probablyalabel
INFO: 2022-10-06 23:08:26,039  adding token 3513 to collection probablyalabel
INFO: 2022-10-06 23:08:26,039  adding token 5551 to collection probablyalabel
INFO: 2022-10-06 23:08:26,039  adding token 5212 to collection probablyalabel
INFO: 2022-10-06 23:08:26,039  adding token 410 to collection probablyalabel
INFO: 2022-10-06 23:08:26,039  adding token 5397 to collection probablyalabel
INFO: 2022-10-06 23:08:26,040  adding token 2522 to collection probablyalabel
INFO: 2022-10-06 23:08:26,040  adding token 1939 to collection probablyalabel
INFO: 2022-10-06 23:08:26,040  adding token 4855 to collection probablyalabel
INFO: 2022-10-06 23:08:27,475  adding token 4928 to collection probablyalabel
INFO: 2022-10-06 23:08:27,475  adding token 2896 to collection probablyalabel
INFO: 2022-10-06 23:08:27,475  adding token 2547 to collection probablyalabel
INFO: 2022-10-06 23:08:27,475  adding token 2266 to collection probablyalabel
INFO: 2022-10-06 23:08:27,475  adding token 1787 to collection probablyalabel
INFO: 2022-10-06 23:08:27,475  adding token 4514 to collection probablyalabel
INFO: 2022-10-06 23:08:27,475  adding token 1399 to collection probablyalabel
INFO: 2022-10-06 23:08:27,476  adding token 3837 to collection probablyalabel
INFO: 2022-10-06 23:08:27,476  adding token 3066 to collection probablyalabel
INFO: 2022-10-06 23:08:27,476  adding token 888 to collection probablyalabel
INFO: 2022-10-06 23:08:27,476  adding token 2997 to collection probablyalabel
INFO: 2022-10-06 23:08:27,476  adding token 2703 to collection probablyalabel
INFO: 2022-10-06 23:08:27,476  adding token 3432 to collection probablyalabel
INFO: 2022-10-06 23:08:27,476  adding token 793 to collection probablyalabel
INFO: 2022-10-06 23:08:27,476  adding token 1426 to collection probablyalabel
INFO: 2022-10-06 23:08:27,476  adding token 1281 to collection probablyalabel
INFO: 2022-10-06 23:08:27,476  adding token 734 to collection probablyalabel
INFO: 2022-10-06 23:08:27,476  adding token 644 to collection probablyalabel
INFO: 2022-10-06 23:08:27,476  adding token 4774 to collection probablyalabel
INFO: 2022-10-06 23:08:27,476  adding token 1214 to collection probablyalabel
INFO: 2022-10-06 23:08:27,476  adding token 4341 to collection probablyalabel
INFO: 2022-10-06 23:08:27,477  adding token 2758 to collection probablyalabel
INFO: 2022-10-06 23:08:27,477  adding token 2574 to collection probablyalabel
INFO: 2022-10-06 23:08:27,477  adding token 1299 to collection probablyalabel
INFO: 2022-10-06 23:08:27,477  adding token 619 to collection probablyalabel
INFO: 2022-10-06 23:08:27,477  adding token 5507 to collection probablyalabel
INFO: 2022-10-06 23:08:27,477  adding token 2494 to collection probablyalabel
INFO: 2022-10-06 23:08:27,477  adding token 953 to collection probablyalabel
INFO: 2022-10-06 23:08:27,477  adding token 3939 to collection probablyalabel
INFO: 2022-10-06 23:08:27,477  adding token 952 to collection probablyalabel
INFO: 2022-10-06 23:08:27,478  adding token 1002 to collection probablyalabel
INFO: 2022-10-06 23:08:27,478  adding token 1328 to collection probablyalabel
INFO: 2022-10-06 23:08:28,495  adding token 1965 to collection probablyalabel
INFO: 2022-10-06 23:08:28,495  adding token 2846 to collection probablyalabel
INFO: 2022-10-06 23:08:28,495  adding token 3065 to collection probablyalabel
INFO: 2022-10-06 23:08:28,495  adding token 4589 to collection probablyalabel
INFO: 2022-10-06 23:08:28,495  adding token 1328 to collection probablyalabel
INFO: 2022-10-06 23:08:28,495  adding token 2556 to collection probablyalabel
INFO: 2022-10-06 23:08:28,495  adding token 4512 to collection probablyalabel
INFO: 2022-10-06 23:08:28,495  adding token 4326 to collection probablyalabel
INFO: 2022-10-06 23:08:28,495  adding token 2644 to collection probablyalabel
INFO: 2022-10-06 23:08:28,495  adding token 171 to collection probablyalabel
INFO: 2022-10-06 23:08:28,495  adding token 2490 to collection probablyalabel
INFO: 2022-10-06 23:08:28,495  adding token 1735 to collection probablyalabel
INFO: 2022-10-06 23:08:28,495  adding token 2078 to collection probablyalabel
INFO: 2022-10-06 23:08:28,496  adding token 1427 to collection probablyalabel
INFO: 2022-10-06 23:08:28,496  adding token 550 to collection probablyalabel
INFO: 2022-10-06 23:08:28,496  adding token 3570 to collection probablyalabel
INFO: 2022-10-06 23:08:28,496  adding token 1845 to collection probablyalabel
INFO: 2022-10-06 23:08:28,496  adding token 2821 to collection probablyalabel
INFO: 2022-10-06 23:08:28,496  adding token 2714 to collection probablyalabel
INFO: 2022-10-06 23:08:28,496  adding token 1250 to collection probablyalabel
INFO: 2022-10-06 23:08:28,496  adding token 2456 to collection probablyalabel
INFO: 2022-10-06 23:08:28,496  adding token 4196 to collection probablyalabel
INFO: 2022-10-06 23:08:28,496  adding token 369 to collection probablyalabel
INFO: 2022-10-06 23:08:28,496  adding token 3948 to collection probablyalabel
INFO: 2022-10-06 23:08:28,496  adding token 4381 to collection probablyalabel
INFO: 2022-10-06 23:08:28,496  adding token 4088 to collection probablyalabel
INFO: 2022-10-06 23:08:28,496  adding token 3032 to collection probablyalabel
INFO: 2022-10-06 23:08:28,496  adding token 3108 to collection probablyalabel
INFO: 2022-10-06 23:08:28,496  adding token 5279 to collection probablyalabel
INFO: 2022-10-06 23:08:28,496  adding token 316 to collection probablyalabel
INFO: 2022-10-06 23:08:28,497  adding token 4851 to collection probablyalabel
INFO: 2022-10-06 23:08:28,497  adding token 468 to collection probablyalabel
INFO: 2022-10-06 23:08:29,517  adding token 4816 to collection probablyalabel
INFO: 2022-10-06 23:08:29,517  adding token 2193 to collection probablyalabel
INFO: 2022-10-06 23:08:29,517  adding token 2686 to collection probablyalabel
INFO: 2022-10-06 23:08:29,518  adding token 1240 to collection probablyalabel
INFO: 2022-10-06 23:08:29,518  adding token 1109 to collection probablyalabel
INFO: 2022-10-06 23:08:29,518  adding token 2084 to collection probablyalabel
INFO: 2022-10-06 23:08:29,518  adding token 1837 to collection probablyalabel
INFO: 2022-10-06 23:08:29,518  adding token 2943 to collection probablyalabel
INFO: 2022-10-06 23:08:29,518  adding token 1947 to collection probablyalabel
INFO: 2022-10-06 23:08:29,518  adding token 5160 to collection probablyalabel
INFO: 2022-10-06 23:08:29,518  adding token 755 to collection probablyalabel
INFO: 2022-10-06 23:08:29,518  adding token 2270 to collection probablyalabel
INFO: 2022-10-06 23:08:29,518  adding token 2897 to collection probablyalabel
INFO: 2022-10-06 23:08:29,518  adding token 377 to collection probablyalabel
INFO: 2022-10-06 23:08:29,518  adding token 5299 to collection probablyalabel
INFO: 2022-10-06 23:08:29,518  adding token 3850 to collection probablyalabel
INFO: 2022-10-06 23:08:29,518  adding token 4617 to collection probablyalabel
INFO: 2022-10-06 23:08:29,518  adding token 1212 to collection probablyalabel
INFO: 2022-10-06 23:08:29,518  adding token 3263 to collection probablyalabel
INFO: 2022-10-06 23:08:29,518  adding token 2085 to collection probablyalabel
INFO: 2022-10-06 23:08:29,519  adding token 1985 to collection probablyalabel
INFO: 2022-10-06 23:08:29,519  adding token 3106 to collection probablyalabel
INFO: 2022-10-06 23:08:29,519  adding token 3535 to collection probablyalabel
INFO: 2022-10-06 23:08:29,519  adding token 4314 to collection probablyalabel
INFO: 2022-10-06 23:08:29,519  adding token 5217 to collection probablyalabel
INFO: 2022-10-06 23:08:29,519  adding token 4204 to collection probablyalabel
INFO: 2022-10-06 23:08:29,519  adding token 2347 to collection probablyalabel
INFO: 2022-10-06 23:08:29,519  adding token 1219 to collection probablyalabel
INFO: 2022-10-06 23:08:29,519  adding token 3129 to collection probablyalabel
INFO: 2022-10-06 23:08:29,519  adding token 3296 to collection probablyalabel
INFO: 2022-10-06 23:08:29,519  adding token 3104 to collection probablyalabel
INFO: 2022-10-06 23:08:29,519  adding token 3510 to collection probablyalabel
INFO: 2022-10-06 23:08:30,938  adding token 4215 to collection probablyalabel
INFO: 2022-10-06 23:08:30,938  adding token 4484 to collection probablyalabel
INFO: 2022-10-06 23:08:30,939  adding token 3510 to collection probablyalabel
INFO: 2022-10-06 23:08:30,939  adding token 3465 to collection probablyalabel
INFO: 2022-10-06 23:08:30,939  adding token 447 to collection probablyalabel
INFO: 2022-10-06 23:08:30,939  adding token 1507 to collection probablyalabel
INFO: 2022-10-06 23:08:30,939  adding token 1124 to collection probablyalabel
INFO: 2022-10-06 23:08:30,939  adding token 1760 to collection probablyalabel
INFO: 2022-10-06 23:08:30,939  adding token 3421 to collection probablyalabel
INFO: 2022-10-06 23:08:30,939  adding token 2788 to collection probablyalabel
INFO: 2022-10-06 23:08:30,940  adding token 3665 to collection probablyalabel
INFO: 2022-10-06 23:08:30,940  adding token 4525 to collection probablyalabel
INFO: 2022-10-06 23:08:30,940  adding token 631 to collection probablyalabel
INFO: 2022-10-06 23:08:30,940  adding token 3789 to collection probablyalabel
INFO: 2022-10-06 23:08:30,940  adding token 1073 to collection probablyalabel
INFO: 2022-10-06 23:08:30,940  adding token 1817 to collection probablyalabel
INFO: 2022-10-06 23:08:30,940  adding token 2107 to collection probablyalabel
INFO: 2022-10-06 23:08:30,940  adding token 3229 to collection probablyalabel
INFO: 2022-10-06 23:08:30,940  adding token 2301 to collection probablyalabel
INFO: 2022-10-06 23:08:30,940  adding token 1710 to collection probablyalabel
INFO: 2022-10-06 23:08:30,940  adding token 1017 to collection probablyalabel
INFO: 2022-10-06 23:08:30,941  adding token 2104 to collection probablyalabel
INFO: 2022-10-06 23:08:30,941  adding token 4527 to collection probablyalabel
INFO: 2022-10-06 23:08:30,941  adding token 372 to collection probablyalabel
INFO: 2022-10-06 23:08:30,941  adding token 5418 to collection probablyalabel
INFO: 2022-10-06 23:08:30,941  adding token 3198 to collection probablyalabel
INFO: 2022-10-06 23:08:30,941  adding token 148 to collection probablyalabel
INFO: 2022-10-06 23:08:30,941  adding token 3373 to collection probablyalabel
INFO: 2022-10-06 23:08:30,941  adding token 1138 to collection probablyalabel
INFO: 2022-10-06 23:08:30,941  adding token 3190 to collection probablyalabel
INFO: 2022-10-06 23:08:30,941  adding token 5136 to collection probablyalabel
INFO: 2022-10-06 23:08:30,941  adding token 1519 to collection probablyalabel
INFO: 2022-10-06 23:08:30,942  starting event loop...
INFO: 2022-10-06 23:08:31,688  updated events
INFO: 2022-10-06 23:08:37,320  updated events
INFO: 2022-10-06 23:08:42,900  updated events
INFO: 2022-10-06 23:08:48,452  new event of type CREATED for collection probablyalabel added to history, tokenId=4236
WARNING: 2022-10-06 23:08:48,453  Token (id=4236) listed but already in collection (collection=probablyalabel)! Prev price: 0.2399, new price: 0.199
INFO: 2022-10-06 23:08:48,453  updated events
INFO: 2022-10-06 23:08:53,992  updated events
INFO: 2022-10-06 23:08:59,508  updated events
INFO: 2022-10-06 23:09:05,142  updated events
INFO: 2022-10-06 23:09:10,604  updated events
INFO: 2022-10-06 23:09:15,954  starting logging
INFO: 2022-10-06 23:09:15,954  Getting initial asset info...
INFO: 2022-10-06 23:09:15,954  Getting asset info for probablyalabel
INFO: 2022-10-06 23:09:17,474  adding token 4236 to collection probablyalabel
INFO: 2022-10-06 23:09:17,474  adding token 4238 to collection probablyalabel
INFO: 2022-10-06 23:09:17,475  adding token 5024 to collection probablyalabel
INFO: 2022-10-06 23:09:17,475  adding token 1620 to collection probablyalabel
INFO: 2022-10-06 23:09:17,475  adding token 4242 to collection probablyalabel
INFO: 2022-10-06 23:09:17,475  adding token 3471 to collection probablyalabel
INFO: 2022-10-06 23:09:17,475  adding token 1849 to collection probablyalabel
INFO: 2022-10-06 23:09:17,476  adding token 4649 to collection probablyalabel
INFO: 2022-10-06 23:09:17,476  adding token 356 to collection probablyalabel
INFO: 2022-10-06 23:09:17,476  adding token 2376 to collection probablyalabel
INFO: 2022-10-06 23:09:17,476  adding token 1671 to collection probablyalabel
INFO: 2022-10-06 23:09:17,477  adding token 2995 to collection probablyalabel
INFO: 2022-10-06 23:09:17,477  adding token 1267 to collection probablyalabel
INFO: 2022-10-06 23:09:17,477  adding token 2464 to collection probablyalabel
INFO: 2022-10-06 23:09:17,477  adding token 3773 to collection probablyalabel
INFO: 2022-10-06 23:09:17,477  adding token 3538 to collection probablyalabel
INFO: 2022-10-06 23:09:17,478  adding token 5140 to collection probablyalabel
INFO: 2022-10-06 23:09:17,478  adding token 1398 to collection probablyalabel
INFO: 2022-10-06 23:09:17,478  adding token 4147 to collection probablyalabel
INFO: 2022-10-06 23:09:17,478  adding token 3452 to collection probablyalabel
INFO: 2022-10-06 23:09:17,478  adding token 3787 to collection probablyalabel
INFO: 2022-10-06 23:09:17,478  adding token 1886 to collection probablyalabel
INFO: 2022-10-06 23:09:17,479  adding token 3173 to collection probablyalabel
INFO: 2022-10-06 23:09:17,479  adding token 1370 to collection probablyalabel
INFO: 2022-10-06 23:09:17,480  adding token 4546 to collection probablyalabel
INFO: 2022-10-06 23:09:17,480  adding token 926 to collection probablyalabel
INFO: 2022-10-06 23:09:17,480  adding token 4455 to collection probablyalabel
INFO: 2022-10-06 23:09:17,480  adding token 2093 to collection probablyalabel
INFO: 2022-10-06 23:09:17,480  adding token 3640 to collection probablyalabel
INFO: 2022-10-06 23:09:17,480  adding token 714 to collection probablyalabel
INFO: 2022-10-06 23:09:17,480  adding token 3136 to collection probablyalabel
INFO: 2022-10-06 23:09:17,480  adding token 3126 to collection probablyalabel
INFO: 2022-10-06 23:09:17,875  adding token 4874 to collection probablyalabel
INFO: 2022-10-06 23:09:17,875  adding token 3096 to collection probablyalabel
INFO: 2022-10-06 23:09:17,875  adding token 1809 to collection probablyalabel
INFO: 2022-10-06 23:09:17,875  adding token 3016 to collection probablyalabel
INFO: 2022-10-06 23:09:17,875  adding token 3028 to collection probablyalabel
INFO: 2022-10-06 23:09:17,875  adding token 4008 to collection probablyalabel
INFO: 2022-10-06 23:09:17,875  adding token 476 to collection probablyalabel
INFO: 2022-10-06 23:09:17,875  adding token 3247 to collection probablyalabel
INFO: 2022-10-06 23:09:17,875  adding token 4939 to collection probablyalabel
INFO: 2022-10-06 23:09:17,876  adding token 3509 to collection probablyalabel
INFO: 2022-10-06 23:09:17,876  adding token 5448 to collection probablyalabel
INFO: 2022-10-06 23:09:17,876  adding token 5394 to collection probablyalabel
INFO: 2022-10-06 23:09:17,876  adding token 3034 to collection probablyalabel
INFO: 2022-10-06 23:09:17,876  adding token 2428 to collection probablyalabel
INFO: 2022-10-06 23:09:17,876  adding token 4189 to collection probablyalabel
INFO: 2022-10-06 23:09:17,876  adding token 4233 to collection probablyalabel
INFO: 2022-10-06 23:09:17,876  adding token 3025 to collection probablyalabel
INFO: 2022-10-06 23:09:17,876  adding token 5057 to collection probablyalabel
INFO: 2022-10-06 23:09:17,876  adding token 1922 to collection probablyalabel
INFO: 2022-10-06 23:09:17,876  adding token 3791 to collection probablyalabel
INFO: 2022-10-06 23:09:17,876  adding token 1389 to collection probablyalabel
INFO: 2022-10-06 23:09:17,876  adding token 908 to collection probablyalabel
INFO: 2022-10-06 23:09:17,876  adding token 788 to collection probablyalabel
INFO: 2022-10-06 23:09:17,876  adding token 873 to collection probablyalabel
INFO: 2022-10-06 23:09:17,876  adding token 1644 to collection probablyalabel
INFO: 2022-10-06 23:09:17,876  adding token 3963 to collection probablyalabel
INFO: 2022-10-06 23:09:17,876  adding token 4131 to collection probablyalabel
INFO: 2022-10-06 23:09:17,876  adding token 4908 to collection probablyalabel
INFO: 2022-10-06 23:09:17,876  adding token 2167 to collection probablyalabel
INFO: 2022-10-06 23:09:17,876  adding token 4695 to collection probablyalabel
INFO: 2022-10-06 23:09:17,876  adding token 2292 to collection probablyalabel
INFO: 2022-10-06 23:09:17,876  adding token 1645 to collection probablyalabel
INFO: 2022-10-06 23:09:19,337  adding token 1568 to collection probablyalabel
INFO: 2022-10-06 23:09:19,337  adding token 4695 to collection probablyalabel
INFO: 2022-10-06 23:09:19,337  adding token 5057 to collection probablyalabel
INFO: 2022-10-06 23:09:19,337  adding token 3025 to collection probablyalabel
INFO: 2022-10-06 23:09:19,337  adding token 3583 to collection probablyalabel
INFO: 2022-10-06 23:09:19,337  adding token 4015 to collection probablyalabel
INFO: 2022-10-06 23:09:19,337  adding token 1922 to collection probablyalabel
INFO: 2022-10-06 23:09:19,337  adding token 2038 to collection probablyalabel
INFO: 2022-10-06 23:09:19,337  adding token 4796 to collection probablyalabel
INFO: 2022-10-06 23:09:19,337  adding token 3045 to collection probablyalabel
INFO: 2022-10-06 23:09:19,337  adding token 3735 to collection probablyalabel
INFO: 2022-10-06 23:09:19,338  adding token 3354 to collection probablyalabel
INFO: 2022-10-06 23:09:19,338  adding token 4024 to collection probablyalabel
INFO: 2022-10-06 23:09:19,338  adding token 4656 to collection probablyalabel
INFO: 2022-10-06 23:09:19,338  adding token 3092 to collection probablyalabel
INFO: 2022-10-06 23:09:19,338  adding token 1296 to collection probablyalabel
INFO: 2022-10-06 23:09:19,338  adding token 5344 to collection probablyalabel
INFO: 2022-10-06 23:09:19,338  adding token 5064 to collection probablyalabel
INFO: 2022-10-06 23:09:19,338  adding token 2277 to collection probablyalabel
INFO: 2022-10-06 23:09:19,338  adding token 5300 to collection probablyalabel
INFO: 2022-10-06 23:09:19,338  adding token 3422 to collection probablyalabel
INFO: 2022-10-06 23:09:19,338  adding token 3205 to collection probablyalabel
INFO: 2022-10-06 23:09:19,338  adding token 1854 to collection probablyalabel
INFO: 2022-10-06 23:09:19,338  adding token 5490 to collection probablyalabel
INFO: 2022-10-06 23:09:19,338  adding token 134 to collection probablyalabel
INFO: 2022-10-06 23:09:19,338  adding token 394 to collection probablyalabel
INFO: 2022-10-06 23:09:19,338  adding token 395 to collection probablyalabel
INFO: 2022-10-06 23:09:19,338  adding token 1839 to collection probablyalabel
INFO: 2022-10-06 23:09:19,338  adding token 753 to collection probablyalabel
INFO: 2022-10-06 23:09:19,338  adding token 1016 to collection probablyalabel
INFO: 2022-10-06 23:09:19,339  adding token 4612 to collection probablyalabel
INFO: 2022-10-06 23:09:19,339  adding token 842 to collection probablyalabel
INFO: 2022-10-06 23:09:19,849  adding token 5248 to collection probablyalabel
INFO: 2022-10-06 23:09:19,849  adding token 3964 to collection probablyalabel
INFO: 2022-10-06 23:09:19,849  adding token 3896 to collection probablyalabel
INFO: 2022-10-06 23:09:19,849  adding token 2215 to collection probablyalabel
INFO: 2022-10-06 23:09:19,849  adding token 5255 to collection probablyalabel
INFO: 2022-10-06 23:09:19,850  adding token 4456 to collection probablyalabel
INFO: 2022-10-06 23:09:19,850  adding token 5463 to collection probablyalabel
INFO: 2022-10-06 23:09:19,850  adding token 3440 to collection probablyalabel
INFO: 2022-10-06 23:09:19,850  adding token 3553 to collection probablyalabel
INFO: 2022-10-06 23:09:19,850  adding token 4188 to collection probablyalabel
INFO: 2022-10-06 23:09:19,850  adding token 4894 to collection probablyalabel
INFO: 2022-10-06 23:09:19,850  adding token 501 to collection probablyalabel
INFO: 2022-10-06 23:09:19,850  adding token 4462 to collection probablyalabel
INFO: 2022-10-06 23:09:19,850  adding token 361 to collection probablyalabel
INFO: 2022-10-06 23:09:19,850  adding token 2340 to collection probablyalabel
INFO: 2022-10-06 23:09:19,850  adding token 101 to collection probablyalabel
INFO: 2022-10-06 23:09:19,850  adding token 4621 to collection probablyalabel
INFO: 2022-10-06 23:09:19,850  adding token 2279 to collection probablyalabel
INFO: 2022-10-06 23:09:19,850  adding token 2608 to collection probablyalabel
INFO: 2022-10-06 23:09:19,850  adding token 3738 to collection probablyalabel
INFO: 2022-10-06 23:09:19,850  adding token 526 to collection probablyalabel
INFO: 2022-10-06 23:09:19,850  adding token 1774 to collection probablyalabel
INFO: 2022-10-06 23:09:19,851  adding token 1325 to collection probablyalabel
INFO: 2022-10-06 23:09:19,851  adding token 5369 to collection probablyalabel
INFO: 2022-10-06 23:09:19,851  adding token 730 to collection probablyalabel
INFO: 2022-10-06 23:09:19,851  adding token 874 to collection probablyalabel
INFO: 2022-10-06 23:09:19,851  adding token 4238 to collection probablyalabel
INFO: 2022-10-06 23:09:19,851  adding token 4236 to collection probablyalabel
INFO: 2022-10-06 23:09:19,851  adding token 1494 to collection probablyalabel
INFO: 2022-10-06 23:09:19,851  adding token 1144 to collection probablyalabel
INFO: 2022-10-06 23:09:19,851  adding token 2520 to collection probablyalabel
INFO: 2022-10-06 23:09:19,851  adding token 4728 to collection probablyalabel
INFO: 2022-10-06 23:09:20,959  adding token 1687 to collection probablyalabel
INFO: 2022-10-06 23:09:20,959  adding token 2520 to collection probablyalabel
INFO: 2022-10-06 23:09:20,960  adding token 4728 to collection probablyalabel
INFO: 2022-10-06 23:09:20,960  adding token 5149 to collection probablyalabel
INFO: 2022-10-06 23:09:20,960  adding token 796 to collection probablyalabel
INFO: 2022-10-06 23:09:20,960  adding token 1933 to collection probablyalabel
INFO: 2022-10-06 23:09:20,960  adding token 1290 to collection probablyalabel
INFO: 2022-10-06 23:09:20,960  adding token 2027 to collection probablyalabel
INFO: 2022-10-06 23:09:20,960  adding token 5524 to collection probablyalabel
INFO: 2022-10-06 23:09:20,960  adding token 4601 to collection probablyalabel
INFO: 2022-10-06 23:09:20,960  adding token 4310 to collection probablyalabel
INFO: 2022-10-06 23:09:20,960  adding token 590 to collection probablyalabel
INFO: 2022-10-06 23:09:20,960  adding token 1007 to collection probablyalabel
INFO: 2022-10-06 23:09:20,960  adding token 1347 to collection probablyalabel
INFO: 2022-10-06 23:09:20,960  adding token 5006 to collection probablyalabel
INFO: 2022-10-06 23:09:20,960  adding token 4389 to collection probablyalabel
INFO: 2022-10-06 23:09:20,960  adding token 5161 to collection probablyalabel
INFO: 2022-10-06 23:09:20,960  adding token 2678 to collection probablyalabel
INFO: 2022-10-06 23:09:20,960  adding token 1551 to collection probablyalabel
INFO: 2022-10-06 23:09:20,960  adding token 1425 to collection probablyalabel
INFO: 2022-10-06 23:09:20,960  adding token 4007 to collection probablyalabel
INFO: 2022-10-06 23:09:20,960  adding token 517 to collection probablyalabel
INFO: 2022-10-06 23:09:20,960  adding token 2153 to collection probablyalabel
INFO: 2022-10-06 23:09:20,960  adding token 3443 to collection probablyalabel
INFO: 2022-10-06 23:09:20,960  adding token 2666 to collection probablyalabel
INFO: 2022-10-06 23:09:20,960  adding token 2803 to collection probablyalabel
INFO: 2022-10-06 23:09:20,960  adding token 4052 to collection probablyalabel
INFO: 2022-10-06 23:09:20,960  adding token 3214 to collection probablyalabel
INFO: 2022-10-06 23:09:20,960  adding token 5459 to collection probablyalabel
INFO: 2022-10-06 23:09:20,961  adding token 5486 to collection probablyalabel
INFO: 2022-10-06 23:09:20,961  adding token 620 to collection probablyalabel
INFO: 2022-10-06 23:09:20,961  adding token 2854 to collection probablyalabel
INFO: 2022-10-06 23:09:21,340  adding token 4595 to collection probablyalabel
INFO: 2022-10-06 23:09:21,340  adding token 4139 to collection probablyalabel
INFO: 2022-10-06 23:09:21,340  adding token 4377 to collection probablyalabel
INFO: 2022-10-06 23:09:21,340  adding token 4750 to collection probablyalabel
INFO: 2022-10-06 23:09:21,340  adding token 3097 to collection probablyalabel
INFO: 2022-10-06 23:09:21,340  adding token 281 to collection probablyalabel
INFO: 2022-10-06 23:09:21,340  adding token 1919 to collection probablyalabel
INFO: 2022-10-06 23:09:21,340  adding token 4971 to collection probablyalabel
INFO: 2022-10-06 23:09:21,340  adding token 5270 to collection probablyalabel
INFO: 2022-10-06 23:09:21,340  adding token 4285 to collection probablyalabel
INFO: 2022-10-06 23:09:21,341  adding token 850 to collection probablyalabel
INFO: 2022-10-06 23:09:21,341  adding token 2792 to collection probablyalabel
INFO: 2022-10-06 23:09:21,341  adding token 5316 to collection probablyalabel
INFO: 2022-10-06 23:09:21,341  adding token 1262 to collection probablyalabel
INFO: 2022-10-06 23:09:21,341  adding token 1277 to collection probablyalabel
INFO: 2022-10-06 23:09:21,341  adding token 557 to collection probablyalabel
INFO: 2022-10-06 23:09:21,341  adding token 358 to collection probablyalabel
INFO: 2022-10-06 23:09:21,341  adding token 3144 to collection probablyalabel
INFO: 2022-10-06 23:09:21,341  adding token 1812 to collection probablyalabel
INFO: 2022-10-06 23:09:21,341  adding token 3259 to collection probablyalabel
INFO: 2022-10-06 23:09:21,341  adding token 1970 to collection probablyalabel
INFO: 2022-10-06 23:09:21,341  adding token 2814 to collection probablyalabel
INFO: 2022-10-06 23:09:21,341  adding token 1441 to collection probablyalabel
INFO: 2022-10-06 23:09:21,341  adding token 2999 to collection probablyalabel
INFO: 2022-10-06 23:09:21,341  adding token 2260 to collection probablyalabel
INFO: 2022-10-06 23:09:21,341  adding token 2877 to collection probablyalabel
INFO: 2022-10-06 23:09:21,341  adding token 4167 to collection probablyalabel
INFO: 2022-10-06 23:09:21,342  adding token 3946 to collection probablyalabel
INFO: 2022-10-06 23:09:21,342  adding token 1642 to collection probablyalabel
INFO: 2022-10-06 23:09:21,342  adding token 4122 to collection probablyalabel
INFO: 2022-10-06 23:09:21,342  adding token 2627 to collection probablyalabel
INFO: 2022-10-06 23:09:21,342  adding token 995 to collection probablyalabel
INFO: 2022-10-06 23:09:21,587  adding token 4987 to collection probablyalabel
INFO: 2022-10-06 23:09:21,587  adding token 4000 to collection probablyalabel
INFO: 2022-10-06 23:09:21,587  adding token 3455 to collection probablyalabel
INFO: 2022-10-06 23:09:21,587  adding token 4373 to collection probablyalabel
INFO: 2022-10-06 23:09:21,587  adding token 2664 to collection probablyalabel
INFO: 2022-10-06 23:09:21,587  adding token 3439 to collection probablyalabel
INFO: 2022-10-06 23:09:21,587  adding token 1082 to collection probablyalabel
INFO: 2022-10-06 23:09:21,587  adding token 3181 to collection probablyalabel
INFO: 2022-10-06 23:09:21,587  adding token 4737 to collection probablyalabel
INFO: 2022-10-06 23:09:21,587  adding token 5251 to collection probablyalabel
INFO: 2022-10-06 23:09:21,587  adding token 3906 to collection probablyalabel
INFO: 2022-10-06 23:09:21,587  adding token 5097 to collection probablyalabel
INFO: 2022-10-06 23:09:21,587  adding token 2285 to collection probablyalabel
INFO: 2022-10-06 23:09:21,587  adding token 2592 to collection probablyalabel
INFO: 2022-10-06 23:09:21,587  adding token 1940 to collection probablyalabel
INFO: 2022-10-06 23:09:21,587  adding token 1391 to collection probablyalabel
INFO: 2022-10-06 23:09:21,588  adding token 754 to collection probablyalabel
INFO: 2022-10-06 23:09:21,588  adding token 5265 to collection probablyalabel
INFO: 2022-10-06 23:09:21,588  adding token 2991 to collection probablyalabel
INFO: 2022-10-06 23:09:21,588  adding token 4418 to collection probablyalabel
INFO: 2022-10-06 23:09:21,588  adding token 4720 to collection probablyalabel
INFO: 2022-10-06 23:09:21,588  adding token 1627 to collection probablyalabel
INFO: 2022-10-06 23:09:21,588  adding token 5105 to collection probablyalabel
INFO: 2022-10-06 23:09:21,588  adding token 2810 to collection probablyalabel
INFO: 2022-10-06 23:09:21,588  adding token 4235 to collection probablyalabel
INFO: 2022-10-06 23:09:21,588  adding token 1549 to collection probablyalabel
INFO: 2022-10-06 23:09:21,588  adding token 3680 to collection probablyalabel
INFO: 2022-10-06 23:09:21,588  adding token 762 to collection probablyalabel
INFO: 2022-10-06 23:09:21,588  adding token 3446 to collection probablyalabel
INFO: 2022-10-06 23:09:21,588  adding token 1236 to collection probablyalabel
INFO: 2022-10-06 23:09:21,588  adding token 2496 to collection probablyalabel
INFO: 2022-10-06 23:09:21,588  adding token 2031 to collection probablyalabel
INFO: 2022-10-06 23:09:22,669  adding token 2793 to collection probablyalabel
INFO: 2022-10-06 23:09:22,669  adding token 1381 to collection probablyalabel
INFO: 2022-10-06 23:09:22,670  adding token 248 to collection probablyalabel
INFO: 2022-10-06 23:09:22,670  adding token 5084 to collection probablyalabel
INFO: 2022-10-06 23:09:22,670  adding token 496 to collection probablyalabel
INFO: 2022-10-06 23:09:22,670  adding token 4483 to collection probablyalabel
INFO: 2022-10-06 23:09:22,670  adding token 5276 to collection probablyalabel
INFO: 2022-10-06 23:09:22,670  adding token 993 to collection probablyalabel
INFO: 2022-10-06 23:09:22,670  adding token 916 to collection probablyalabel
INFO: 2022-10-06 23:09:22,670  adding token 2259 to collection probablyalabel
INFO: 2022-10-06 23:09:22,670  adding token 1894 to collection probablyalabel
INFO: 2022-10-06 23:09:22,670  adding token 4776 to collection probablyalabel
INFO: 2022-10-06 23:09:22,671  adding token 1960 to collection probablyalabel
INFO: 2022-10-06 23:09:22,671  adding token 2419 to collection probablyalabel
INFO: 2022-10-06 23:09:22,671  adding token 1454 to collection probablyalabel
INFO: 2022-10-06 23:09:22,671  adding token 1650 to collection probablyalabel
INFO: 2022-10-06 23:09:22,671  adding token 1293 to collection probablyalabel
INFO: 2022-10-06 23:09:22,671  adding token 4764 to collection probablyalabel
INFO: 2022-10-06 23:09:22,671  adding token 4555 to collection probablyalabel
INFO: 2022-10-06 23:09:22,671  adding token 153 to collection probablyalabel
INFO: 2022-10-06 23:09:22,671  adding token 882 to collection probablyalabel
INFO: 2022-10-06 23:09:22,671  adding token 1869 to collection probablyalabel
INFO: 2022-10-06 23:09:22,671  adding token 3731 to collection probablyalabel
INFO: 2022-10-06 23:09:22,672  adding token 5082 to collection probablyalabel
INFO: 2022-10-06 23:09:22,672  adding token 3146 to collection probablyalabel
INFO: 2022-10-06 23:09:22,672  adding token 1453 to collection probablyalabel
INFO: 2022-10-06 23:09:22,672  adding token 4290 to collection probablyalabel
INFO: 2022-10-06 23:09:22,672  adding token 1383 to collection probablyalabel
INFO: 2022-10-06 23:09:22,672  adding token 1749 to collection probablyalabel
INFO: 2022-10-06 23:09:22,672  adding token 2639 to collection probablyalabel
INFO: 2022-10-06 23:09:22,672  adding token 3826 to collection probablyalabel
INFO: 2022-10-06 23:09:22,672  adding token 1445 to collection probablyalabel
INFO: 2022-10-06 23:09:23,752  adding token 5164 to collection probablyalabel
INFO: 2022-10-06 23:09:23,752  adding token 5336 to collection probablyalabel
INFO: 2022-10-06 23:09:23,752  adding token 216 to collection probablyalabel
INFO: 2022-10-06 23:09:23,752  adding token 1254 to collection probablyalabel
INFO: 2022-10-06 23:09:23,752  adding token 106 to collection probablyalabel
INFO: 2022-10-06 23:09:23,752  adding token 679 to collection probablyalabel
INFO: 2022-10-06 23:09:23,752  adding token 3052 to collection probablyalabel
INFO: 2022-10-06 23:09:23,752  adding token 3085 to collection probablyalabel
INFO: 2022-10-06 23:09:23,752  adding token 4148 to collection probablyalabel
INFO: 2022-10-06 23:09:23,753  adding token 4032 to collection probablyalabel
INFO: 2022-10-06 23:09:23,753  adding token 2655 to collection probablyalabel
INFO: 2022-10-06 23:09:23,753  adding token 837 to collection probablyalabel
INFO: 2022-10-06 23:09:23,753  adding token 2289 to collection probablyalabel
INFO: 2022-10-06 23:09:23,753  adding token 5413 to collection probablyalabel
INFO: 2022-10-06 23:09:23,753  adding token 181 to collection probablyalabel
INFO: 2022-10-06 23:09:23,753  adding token 150 to collection probablyalabel
INFO: 2022-10-06 23:09:23,753  adding token 3695 to collection probablyalabel
INFO: 2022-10-06 23:09:23,753  adding token 5314 to collection probablyalabel
INFO: 2022-10-06 23:09:23,753  adding token 5537 to collection probablyalabel
INFO: 2022-10-06 23:09:23,753  adding token 2936 to collection probablyalabel
INFO: 2022-10-06 23:09:23,753  adding token 5315 to collection probablyalabel
INFO: 2022-10-06 23:09:23,754  adding token 495 to collection probablyalabel
INFO: 2022-10-06 23:09:23,754  adding token 5478 to collection probablyalabel
INFO: 2022-10-06 23:09:23,754  adding token 4025 to collection probablyalabel
INFO: 2022-10-06 23:09:23,754  adding token 3859 to collection probablyalabel
INFO: 2022-10-06 23:09:23,754  adding token 3960 to collection probablyalabel
INFO: 2022-10-06 23:09:23,754  adding token 1721 to collection probablyalabel
INFO: 2022-10-06 23:09:23,754  adding token 2485 to collection probablyalabel
INFO: 2022-10-06 23:09:23,754  adding token 1067 to collection probablyalabel
INFO: 2022-10-06 23:09:23,754  adding token 2234 to collection probablyalabel
INFO: 2022-10-06 23:09:23,754  adding token 3714 to collection probablyalabel
INFO: 2022-10-06 23:09:23,754  adding token 3424 to collection probablyalabel
INFO: 2022-10-06 23:09:25,184  adding token 2287 to collection probablyalabel
INFO: 2022-10-06 23:09:25,184  adding token 4471 to collection probablyalabel
INFO: 2022-10-06 23:09:25,184  adding token 4995 to collection probablyalabel
INFO: 2022-10-06 23:09:25,184  adding token 704 to collection probablyalabel
INFO: 2022-10-06 23:09:25,184  adding token 4004 to collection probablyalabel
INFO: 2022-10-06 23:09:25,184  adding token 4372 to collection probablyalabel
INFO: 2022-10-06 23:09:25,184  adding token 4989 to collection probablyalabel
INFO: 2022-10-06 23:09:25,184  adding token 126 to collection probablyalabel
INFO: 2022-10-06 23:09:25,184  adding token 492 to collection probablyalabel
INFO: 2022-10-06 23:09:25,184  adding token 441 to collection probablyalabel
INFO: 2022-10-06 23:09:25,185  adding token 696 to collection probablyalabel
INFO: 2022-10-06 23:09:25,185  adding token 709 to collection probablyalabel
INFO: 2022-10-06 23:09:25,185  adding token 1587 to collection probablyalabel
INFO: 2022-10-06 23:09:25,185  adding token 787 to collection probablyalabel
INFO: 2022-10-06 23:09:25,185  adding token 1518 to collection probablyalabel
INFO: 2022-10-06 23:09:25,185  adding token 1145 to collection probablyalabel
INFO: 2022-10-06 23:09:25,185  adding token 1756 to collection probablyalabel
INFO: 2022-10-06 23:09:25,185  adding token 2855 to collection probablyalabel
INFO: 2022-10-06 23:09:25,185  adding token 3618 to collection probablyalabel
INFO: 2022-10-06 23:09:25,185  adding token 4949 to collection probablyalabel
INFO: 2022-10-06 23:09:25,185  adding token 5059 to collection probablyalabel
INFO: 2022-10-06 23:09:25,185  adding token 3668 to collection probablyalabel
INFO: 2022-10-06 23:09:25,185  adding token 3764 to collection probablyalabel
INFO: 2022-10-06 23:09:25,185  adding token 3833 to collection probablyalabel
INFO: 2022-10-06 23:09:25,185  adding token 4810 to collection probablyalabel
INFO: 2022-10-06 23:09:25,185  adding token 1108 to collection probablyalabel
INFO: 2022-10-06 23:09:25,185  adding token 1107 to collection probablyalabel
INFO: 2022-10-06 23:09:25,185  adding token 1081 to collection probablyalabel
INFO: 2022-10-06 23:09:25,186  adding token 2051 to collection probablyalabel
INFO: 2022-10-06 23:09:25,186  adding token 2049 to collection probablyalabel
INFO: 2022-10-06 23:09:25,186  adding token 2009 to collection probablyalabel
INFO: 2022-10-06 23:09:25,186  adding token 2016 to collection probablyalabel
INFO: 2022-10-06 23:09:25,571  adding token 3618 to collection probablyalabel
INFO: 2022-10-06 23:09:25,571  adding token 3764 to collection probablyalabel
INFO: 2022-10-06 23:09:25,630  adding token 3833 to collection probablyalabel
INFO: 2022-10-06 23:09:25,630  adding token 3165 to collection probablyalabel
INFO: 2022-10-06 23:09:25,630  adding token 4810 to collection probablyalabel
INFO: 2022-10-06 23:09:25,630  adding token 4949 to collection probablyalabel
INFO: 2022-10-06 23:09:25,630  adding token 3668 to collection probablyalabel
INFO: 2022-10-06 23:09:25,630  adding token 5059 to collection probablyalabel
INFO: 2022-10-06 23:09:25,630  adding token 5122 to collection probablyalabel
INFO: 2022-10-06 23:09:25,630  adding token 130 to collection probablyalabel
INFO: 2022-10-06 23:09:25,631  adding token 1406 to collection probablyalabel
INFO: 2022-10-06 23:09:25,631  adding token 5269 to collection probablyalabel
INFO: 2022-10-06 23:09:25,631  adding token 5399 to collection probablyalabel
INFO: 2022-10-06 23:09:25,631  adding token 975 to collection probablyalabel
INFO: 2022-10-06 23:09:25,631  adding token 2543 to collection probablyalabel
INFO: 2022-10-06 23:09:25,631  adding token 1248 to collection probablyalabel
INFO: 2022-10-06 23:09:25,631  adding token 1359 to collection probablyalabel
INFO: 2022-10-06 23:09:25,631  adding token 2512 to collection probablyalabel
INFO: 2022-10-06 23:09:25,631  adding token 1489 to collection probablyalabel
INFO: 2022-10-06 23:09:25,631  adding token 5272 to collection probablyalabel
INFO: 2022-10-06 23:09:25,631  adding token 735 to collection probablyalabel
INFO: 2022-10-06 23:09:25,631  adding token 2050 to collection probablyalabel
INFO: 2022-10-06 23:09:25,632  adding token 2233 to collection probablyalabel
INFO: 2022-10-06 23:09:25,632  adding token 2410 to collection probablyalabel
INFO: 2022-10-06 23:09:25,632  adding token 3513 to collection probablyalabel
INFO: 2022-10-06 23:09:25,632  adding token 5551 to collection probablyalabel
INFO: 2022-10-06 23:09:25,632  adding token 5212 to collection probablyalabel
INFO: 2022-10-06 23:09:25,632  adding token 410 to collection probablyalabel
INFO: 2022-10-06 23:09:25,632  adding token 5397 to collection probablyalabel
INFO: 2022-10-06 23:09:25,632  adding token 2522 to collection probablyalabel
INFO: 2022-10-06 23:09:25,632  adding token 1939 to collection probablyalabel
INFO: 2022-10-06 23:09:25,632  adding token 4855 to collection probablyalabel
INFO: 2022-10-06 23:09:25,881  adding token 4928 to collection probablyalabel
INFO: 2022-10-06 23:09:25,881  adding token 2896 to collection probablyalabel
INFO: 2022-10-06 23:09:25,881  adding token 2547 to collection probablyalabel
INFO: 2022-10-06 23:09:25,881  adding token 2266 to collection probablyalabel
INFO: 2022-10-06 23:09:25,881  adding token 1787 to collection probablyalabel
INFO: 2022-10-06 23:09:25,881  adding token 4514 to collection probablyalabel
INFO: 2022-10-06 23:09:25,881  adding token 1399 to collection probablyalabel
INFO: 2022-10-06 23:09:25,881  adding token 3837 to collection probablyalabel
INFO: 2022-10-06 23:09:25,881  adding token 3066 to collection probablyalabel
INFO: 2022-10-06 23:09:25,882  adding token 888 to collection probablyalabel
INFO: 2022-10-06 23:09:25,882  adding token 2997 to collection probablyalabel
INFO: 2022-10-06 23:09:25,882  adding token 2703 to collection probablyalabel
INFO: 2022-10-06 23:09:25,882  adding token 3432 to collection probablyalabel
INFO: 2022-10-06 23:09:25,882  adding token 793 to collection probablyalabel
INFO: 2022-10-06 23:09:25,882  adding token 1426 to collection probablyalabel
INFO: 2022-10-06 23:09:25,882  adding token 1281 to collection probablyalabel
INFO: 2022-10-06 23:09:25,882  adding token 734 to collection probablyalabel
INFO: 2022-10-06 23:09:25,882  adding token 644 to collection probablyalabel
INFO: 2022-10-06 23:09:25,882  adding token 4774 to collection probablyalabel
INFO: 2022-10-06 23:09:25,882  adding token 1214 to collection probablyalabel
INFO: 2022-10-06 23:09:25,882  adding token 4341 to collection probablyalabel
INFO: 2022-10-06 23:09:25,882  adding token 2758 to collection probablyalabel
INFO: 2022-10-06 23:09:25,882  adding token 2574 to collection probablyalabel
INFO: 2022-10-06 23:09:25,882  adding token 1299 to collection probablyalabel
INFO: 2022-10-06 23:09:25,882  adding token 619 to collection probablyalabel
INFO: 2022-10-06 23:09:25,883  adding token 5507 to collection probablyalabel
INFO: 2022-10-06 23:09:25,883  adding token 2494 to collection probablyalabel
INFO: 2022-10-06 23:09:25,883  adding token 953 to collection probablyalabel
INFO: 2022-10-06 23:09:25,883  adding token 3939 to collection probablyalabel
INFO: 2022-10-06 23:09:25,883  adding token 952 to collection probablyalabel
INFO: 2022-10-06 23:09:25,883  adding token 1002 to collection probablyalabel
INFO: 2022-10-06 23:09:25,883  adding token 1328 to collection probablyalabel
INFO: 2022-10-06 23:09:26,891  adding token 1965 to collection probablyalabel
INFO: 2022-10-06 23:09:26,891  adding token 2846 to collection probablyalabel
INFO: 2022-10-06 23:09:26,891  adding token 3065 to collection probablyalabel
INFO: 2022-10-06 23:09:26,891  adding token 4589 to collection probablyalabel
INFO: 2022-10-06 23:09:26,891  adding token 1328 to collection probablyalabel
INFO: 2022-10-06 23:09:26,891  adding token 2556 to collection probablyalabel
INFO: 2022-10-06 23:09:26,891  adding token 4512 to collection probablyalabel
INFO: 2022-10-06 23:09:26,891  adding token 4326 to collection probablyalabel
INFO: 2022-10-06 23:09:26,891  adding token 2644 to collection probablyalabel
INFO: 2022-10-06 23:09:26,891  adding token 171 to collection probablyalabel
INFO: 2022-10-06 23:09:26,891  adding token 2490 to collection probablyalabel
INFO: 2022-10-06 23:09:26,892  adding token 1735 to collection probablyalabel
INFO: 2022-10-06 23:09:26,892  adding token 2078 to collection probablyalabel
INFO: 2022-10-06 23:09:26,892  adding token 1427 to collection probablyalabel
INFO: 2022-10-06 23:09:26,892  adding token 550 to collection probablyalabel
INFO: 2022-10-06 23:09:26,892  adding token 3570 to collection probablyalabel
INFO: 2022-10-06 23:09:26,892  adding token 1845 to collection probablyalabel
INFO: 2022-10-06 23:09:26,892  adding token 2821 to collection probablyalabel
INFO: 2022-10-06 23:09:26,892  adding token 2714 to collection probablyalabel
INFO: 2022-10-06 23:09:26,892  adding token 1250 to collection probablyalabel
INFO: 2022-10-06 23:09:26,892  adding token 2456 to collection probablyalabel
INFO: 2022-10-06 23:09:26,892  adding token 4196 to collection probablyalabel
INFO: 2022-10-06 23:09:26,892  adding token 369 to collection probablyalabel
INFO: 2022-10-06 23:09:26,892  adding token 3948 to collection probablyalabel
INFO: 2022-10-06 23:09:26,892  adding token 4381 to collection probablyalabel
INFO: 2022-10-06 23:09:26,892  adding token 4088 to collection probablyalabel
INFO: 2022-10-06 23:09:26,892  adding token 3032 to collection probablyalabel
INFO: 2022-10-06 23:09:26,892  adding token 3108 to collection probablyalabel
INFO: 2022-10-06 23:09:26,892  adding token 5279 to collection probablyalabel
INFO: 2022-10-06 23:09:26,892  adding token 316 to collection probablyalabel
INFO: 2022-10-06 23:09:26,892  adding token 4851 to collection probablyalabel
INFO: 2022-10-06 23:09:26,892  adding token 468 to collection probablyalabel
INFO: 2022-10-06 23:09:28,063  adding token 4816 to collection probablyalabel
INFO: 2022-10-06 23:09:28,063  adding token 2193 to collection probablyalabel
INFO: 2022-10-06 23:09:28,063  adding token 2686 to collection probablyalabel
INFO: 2022-10-06 23:09:28,063  adding token 1240 to collection probablyalabel
INFO: 2022-10-06 23:09:28,063  adding token 1109 to collection probablyalabel
INFO: 2022-10-06 23:09:28,063  adding token 2084 to collection probablyalabel
INFO: 2022-10-06 23:09:28,063  adding token 1837 to collection probablyalabel
INFO: 2022-10-06 23:09:28,063  adding token 2943 to collection probablyalabel
INFO: 2022-10-06 23:09:28,063  adding token 1947 to collection probablyalabel
INFO: 2022-10-06 23:09:28,063  adding token 5160 to collection probablyalabel
INFO: 2022-10-06 23:09:28,063  adding token 755 to collection probablyalabel
INFO: 2022-10-06 23:09:28,064  adding token 2270 to collection probablyalabel
INFO: 2022-10-06 23:09:28,064  adding token 2897 to collection probablyalabel
INFO: 2022-10-06 23:09:28,064  adding token 377 to collection probablyalabel
INFO: 2022-10-06 23:09:28,064  adding token 5299 to collection probablyalabel
INFO: 2022-10-06 23:09:28,064  adding token 3850 to collection probablyalabel
INFO: 2022-10-06 23:09:28,064  adding token 4617 to collection probablyalabel
INFO: 2022-10-06 23:09:28,064  adding token 1212 to collection probablyalabel
INFO: 2022-10-06 23:09:28,064  adding token 3263 to collection probablyalabel
INFO: 2022-10-06 23:09:28,064  adding token 2085 to collection probablyalabel
INFO: 2022-10-06 23:09:28,064  adding token 1985 to collection probablyalabel
INFO: 2022-10-06 23:09:28,064  adding token 3106 to collection probablyalabel
INFO: 2022-10-06 23:09:28,064  adding token 3535 to collection probablyalabel
INFO: 2022-10-06 23:09:28,064  adding token 4314 to collection probablyalabel
INFO: 2022-10-06 23:09:28,064  adding token 5217 to collection probablyalabel
INFO: 2022-10-06 23:09:28,064  adding token 4204 to collection probablyalabel
INFO: 2022-10-06 23:09:28,064  adding token 2347 to collection probablyalabel
INFO: 2022-10-06 23:09:28,064  adding token 1219 to collection probablyalabel
INFO: 2022-10-06 23:09:28,064  adding token 3129 to collection probablyalabel
INFO: 2022-10-06 23:09:28,064  adding token 3296 to collection probablyalabel
INFO: 2022-10-06 23:09:28,064  adding token 3104 to collection probablyalabel
INFO: 2022-10-06 23:09:28,064  adding token 3510 to collection probablyalabel
INFO: 2022-10-06 23:09:28,064  starting event loop...
INFO: 2022-10-06 23:09:28,882  updated events
INFO: 2022-10-06 23:09:34,510  updated events
INFO: 2022-10-06 23:09:39,922  updated events
INFO: 2022-10-06 23:09:45,462  updated events
INFO: 2022-10-06 23:09:51,030  updated events
INFO: 2022-10-06 23:09:56,457  updated events
INFO: 2022-10-06 23:10:02,022  updated events
INFO: 2022-10-06 23:10:07,722  new event of type CREATED for collection probablyalabel added to history, tokenId=2509
INFO: 2022-10-06 23:10:07,722  updated events
INFO: 2022-10-06 23:10:13,226  updated events
INFO: 2022-10-06 23:10:18,843  updated events
INFO: 2022-10-06 23:10:24,294  updated events
INFO: 2022-10-06 23:10:29,888  updated events
INFO: 2022-10-06 23:10:35,330  updated events
INFO: 2022-10-06 23:10:40,930  updated events
INFO: 2022-10-06 23:10:46,433  updated events
INFO: 2022-10-06 23:10:52,051  new event of type CREATED for collection probablyalabel added to history, tokenId=137
INFO: 2022-10-06 23:10:52,052  updated events
INFO: 2022-10-06 23:10:57,613  updated events
